<?xml version="1.0" encoding="UTF-8"?>
<!-- Generated by org.testng.reporters.JUnitReportReporter -->
<testsuite hostname="Sandeep" failures="0" tests="1" name="Seller_Panel.AddSingleList" time="59.910" errors="0" timestamp="2020-10-08T17:59:13 IST" skipped="0">
  <testcase classname="Seller_Panel.AddSingleList" name="sellerAddingProducts" time="59.910"/>
  <system-out/>
</testsuite> <!-- Seller_Panel.AddSingleList -->
