<?xml version="1.0" encoding="UTF-8"?>
<!-- Generated by org.testng.reporters.JUnitReportReporter -->
<testsuite hostname="Sandeep" failures="0" tests="1" name="Admin_Panel.seller_approval" time="27.424" errors="0" timestamp="2020-10-08T15:50:16 IST" skipped="0">
  <testcase classname="Admin_Panel.seller_approval" name="testAdminApproval" time="27.424"/>
  <system-out/>
</testsuite> <!-- Admin_Panel.seller_approval -->
