<?xml version="1.0" encoding="UTF-8"?>
<!-- Generated by org.testng.reporters.JUnitReportReporter -->
<testsuite hostname="Sandeep" failures="0" tests="1" name="Admin_Panel.Rej_Resub_Reappr" time="47.090" errors="0" timestamp="2020-10-09T11:41:06 IST" skipped="0">
  <testcase classname="Admin_Panel.Rej_Resub_Reappr" name="testRej_ReSub_ReApppr" time="47.090"/>
  <system-out/>
</testsuite> <!-- Admin_Panel.Rej_Resub_Reappr -->
