<?xml version="1.0" encoding="UTF-8"?>
<!-- Generated by org.testng.reporters.JUnitReportReporter -->
<testsuite hostname="Sandeep" failures="0" tests="1" name="Seller_Panel.Seller_KYC_BrandReg" time="84.262" errors="0" timestamp="2020-10-08T14:45:34 IST" skipped="0">
  <testcase classname="Seller_Panel.Seller_KYC_BrandReg" name="testBasicInfo" time="84.262"/>
  <system-out/>
</testsuite> <!-- Seller_Panel.Seller_KYC_BrandReg -->
