<?xml version="1.0" encoding="UTF-8"?>
<!-- Generated by org.testng.reporters.JUnitReportReporter -->
<testsuite hostname="Sandeep" failures="0" tests="1" name="Admin_Panel.CouponDisc" time="39.088" errors="0" timestamp="2020-10-09T12:39:11 IST" skipped="0">
  <testcase classname="Admin_Panel.CouponDisc" name="testCouponDiscount" time="39.088"/>
  <system-out/>
</testsuite> <!-- Admin_Panel.CouponDisc -->
