<?xml version="1.0" encoding="UTF-8"?>
<!-- Generated by org.testng.reporters.JUnitReportReporter -->
<testsuite hostname="Sandeep" failures="0" tests="1" name="Seller_Panel.Add_Single_List2" time="56.821" errors="0" timestamp="2020-10-08T19:44:47 IST" skipped="0">
  <testcase classname="Seller_Panel.Add_Single_List2" name="sellerAddingProducts" time="56.821"/>
  <system-out/>
</testsuite> <!-- Seller_Panel.Add_Single_List2 -->
