<?xml version="1.0" encoding="UTF-8"?>
<!-- Generated by org.testng.reporters.JUnitReportReporter -->
<testsuite hostname="Sandeep" failures="0" tests="1" name="Admin_Panel.PromotionDisc" time="12.421" errors="0" timestamp="2020-10-09T12:57:57 IST" skipped="0">
  <testcase classname="Admin_Panel.PromotionDisc" name="testPromoDiscount" time="12.421"/>
  <system-out/>
</testsuite> <!-- Admin_Panel.PromotionDisc -->
